<?xml version="1.0" encoding="UTF-8"?>
<!-- Generated by org.testng.reporters.JUnitXMLReporter -->
<testsuite ignored="0" hostname="LAPTOP-K8D783Q9" failures="0" tests="3" name="Free CRM App Test Cases" time="27.451" errors="0" timestamp="23 Jul 2024 00:17:49 GMT">
  <testcase classname="com.Automation.testCases.HomePageTestCases" name="verifyHomePageTitleTest" time="0.012"/>
  <testcase classname="com.Automation.testCases.HomePageTestCases" name="verifyUserNameTest" time="0.072"/>
  <testcase classname="com.Automation.testCases.HomePageTestCases" name="verifyClickOnContactsTest" time="0.927"/>
</testsuite> <!-- Free CRM App Test Cases -->
