<?xml version="1.0" encoding="UTF-8"?>
<testng-results ignored="0" total="1" passed="1" failed="0" skipped="0">
  <reporter-output>
  </reporter-output>
  <suite started-at="2024-07-21T03:56:50Z" name="Default suite" finished-at="2024-07-21T03:56:59Z" duration-ms="8883">
    <groups>
    </groups>
    <test started-at="2024-07-21T03:56:50Z" name="Default test" finished-at="2024-07-21T03:56:59Z" duration-ms="8883">
      <class name="com.Automation.testCases.LoginPageTestCases">
        <test-method is-config="true" signature="setup()[pri:0, instance:com.Automation.testCases.LoginPageTestCases@4b013c76]" started-at="2024-07-21T03:56:50Z" name="setup" finished-at="2024-07-21T03:56:54Z" duration-ms="3816" status="PASS">
          <reporter-output>
          </reporter-output>
        </test-method> <!-- setup -->
        <test-method signature="loginTest()[pri:3, instance:com.Automation.testCases.LoginPageTestCases@4b013c76]" started-at="2024-07-21T03:56:54Z" name="loginTest" finished-at="2024-07-21T03:56:59Z" duration-ms="5047" status="PASS">
          <reporter-output>
          </reporter-output>
        </test-method> <!-- loginTest -->
        <test-method is-config="true" signature="teardown()[pri:0, instance:com.Automation.testCases.LoginPageTestCases@4b013c76]" started-at="2024-07-21T03:56:59Z" name="teardown" finished-at="2024-07-21T03:56:59Z" duration-ms="0" status="PASS">
          <reporter-output>
          </reporter-output>
        </test-method> <!-- teardown -->
      </class> <!-- com.Automation.testCases.LoginPageTestCases -->
    </test> <!-- Default test -->
  </suite> <!-- Default suite -->
</testng-results>
