<?xml version="1.0" encoding="UTF-8"?>
<testng-results ignored="0" total="3" passed="3" failed="0" skipped="0">
  <reporter-output>
  </reporter-output>
  <suite started-at="2024-07-23T00:17:21Z" name="Free CRM Application Test Automation suite" finished-at="2024-07-23T00:17:49Z" duration-ms="27451">
    <groups>
    </groups>
    <test started-at="2024-07-23T00:17:21Z" name="Free CRM App Test Cases" finished-at="2024-07-23T00:17:49Z" duration-ms="27451">
      <class name="com.Automation.testCases.HomePageTestCases">
        <test-method is-config="true" signature="setup()[pri:0, instance:com.Automation.testCases.HomePageTestCases@27c86f2d]" started-at="2024-07-23T00:17:21Z" name="setup" finished-at="2024-07-23T00:17:30Z" duration-ms="8839" status="PASS">
          <reporter-output>
          </reporter-output>
        </test-method> <!-- setup -->
        <test-method signature="verifyHomePageTitleTest()[pri:1, instance:com.Automation.testCases.HomePageTestCases@27c86f2d]" started-at="2024-07-23T00:17:30Z" name="verifyHomePageTitleTest" finished-at="2024-07-23T00:17:30Z" duration-ms="12" status="PASS">
          <reporter-output>
          </reporter-output>
        </test-method> <!-- verifyHomePageTitleTest -->
        <test-method is-config="true" signature="teardown()[pri:0, instance:com.Automation.testCases.HomePageTestCases@27c86f2d]" started-at="2024-07-23T00:17:30Z" name="teardown" finished-at="2024-07-23T00:17:30Z" duration-ms="152" status="PASS">
          <reporter-output>
          </reporter-output>
        </test-method> <!-- teardown -->
        <test-method is-config="true" signature="setup()[pri:0, instance:com.Automation.testCases.HomePageTestCases@27c86f2d]" started-at="2024-07-23T00:17:30Z" name="setup" finished-at="2024-07-23T00:17:39Z" duration-ms="8671" status="PASS">
          <reporter-output>
          </reporter-output>
        </test-method> <!-- setup -->
        <test-method signature="verifyUserNameTest()[pri:2, instance:com.Automation.testCases.HomePageTestCases@27c86f2d]" started-at="2024-07-23T00:17:39Z" name="verifyUserNameTest" finished-at="2024-07-23T00:17:39Z" duration-ms="72" status="PASS">
          <reporter-output>
          </reporter-output>
        </test-method> <!-- verifyUserNameTest -->
        <test-method is-config="true" signature="teardown()[pri:0, instance:com.Automation.testCases.HomePageTestCases@27c86f2d]" started-at="2024-07-23T00:17:39Z" name="teardown" finished-at="2024-07-23T00:17:39Z" duration-ms="163" status="PASS">
          <reporter-output>
          </reporter-output>
        </test-method> <!-- teardown -->
        <test-method is-config="true" signature="setup()[pri:0, instance:com.Automation.testCases.HomePageTestCases@27c86f2d]" started-at="2024-07-23T00:17:39Z" name="setup" finished-at="2024-07-23T00:17:48Z" duration-ms="8440" status="PASS">
          <reporter-output>
          </reporter-output>
        </test-method> <!-- setup -->
        <test-method signature="verifyClickOnContactsTest()[pri:3, instance:com.Automation.testCases.HomePageTestCases@27c86f2d]" started-at="2024-07-23T00:17:48Z" name="verifyClickOnContactsTest" finished-at="2024-07-23T00:17:49Z" duration-ms="927" status="PASS">
          <reporter-output>
          </reporter-output>
        </test-method> <!-- verifyClickOnContactsTest -->
        <test-method is-config="true" signature="teardown()[pri:0, instance:com.Automation.testCases.HomePageTestCases@27c86f2d]" started-at="2024-07-23T00:17:49Z" name="teardown" finished-at="2024-07-23T00:17:49Z" duration-ms="156" status="PASS">
          <reporter-output>
          </reporter-output>
        </test-method> <!-- teardown -->
      </class> <!-- com.Automation.testCases.HomePageTestCases -->
    </test> <!-- Free CRM App Test Cases -->
  </suite> <!-- Free CRM Application Test Automation suite -->
</testng-results>
