<?xml version="1.0" encoding="UTF-8"?>
<!-- Generated by org.testng.reporters.JUnitXMLReporter -->
<testsuite ignored="0" hostname="LAPTOP-K8D783Q9" failures="1" tests="1" name="Sanity Testing" time="4.155" errors="0" timestamp="21 Jul 2024 03:42:33 GMT">
  <testcase classname="com.Automation.testCases.LoginPageTestCases" name="verifyTitleTest" time="0.005">
    <failure type="java.lang.NullPointerException" message="Cannot invoke &amp;quot;org.openqa.selenium.WebDriver.getTitle()&amp;quot; because &amp;quot;this.driver&amp;quot; is null">
      <![CDATA[java.lang.NullPointerException: Cannot invoke "org.openqa.selenium.WebDriver.getTitle()" because "this.driver" is null
at com.Automation.pages.LoginPage.getPageTitle(LoginPage.java:46)
at com.Automation.testCases.LoginPageTestCases.verifyTitleTest(LoginPageTestCases.java:31)
... Removed 25 stack frames]]>
    </failure>
  </testcase> <!-- verifyTitleTest -->
</testsuite> <!-- Sanity Testing -->
